#
# A fatal error has been detected by the Java Runtime Environment:
#
#  EXCEPTION_ACCESS_VIOLATION (0xc0000005) at pc=0x0000000180005b00, pid=880, tid=12408
#
# JRE version: Java(TM) SE Runtime Environment (12.0.1+12) (build 12.0.1+12)
# Java VM: Java HotSpot(TM) 64-Bit Server VM (12.0.1+12, mixed mode, sharing, tiered, compressed oops, g1 gc, windows-amd64)
# Problematic frame:
# C  [rxtxSerial.dll+0x5b00]
#
# No core dump will be written. Minidumps are not enabled by default on client versions of Windows
#
# If you would like to submit a bug report, please visit:
#   http://bugreport.java.com/bugreport/crash.jsp
# The crash happened outside the Java Virtual Machine in native code.
# See problematic frame for where to report the bug.
#

---------------  S U M M A R Y ------------

Command Line: -Djava.library.path=D:\download\rxtx_x64\ch-rxtx-2.2-20081207-win-x64\;%PATH% -javaagent:C:\Program Files\JetBrains\IntelliJ IDEA Community Edition 2020.1.1\lib\idea_rt.jar=52265:C:\Program Files\JetBrains\IntelliJ IDEA Community Edition 2020.1.1\bin -Dfile.encoding=UTF-8 com.newlife.QuanlysimboxApplication

Host: Intel(R) Core(TM) i5-8250U CPU @ 1.60GHz, 8 cores, 7G,  Windows 10 , 64 bit Build 19041 (10.0.19041.546)
Time: Tue Nov  3 12:27:36 2020 SE Asia Standard Time elapsed time: 5 seconds (0d 0h 0m 5s)

---------------  T H R E A D  ---------------

Current thread (0x000001a428f95800):  JavaThread "Thread-32" [_thread_in_native, id=12408, stack(0x00000021d0e00000,0x00000021d0f00000)]

Stack: [0x00000021d0e00000,0x00000021d0f00000],  sp=0x00000021d0efe060,  free space=1016k
Native frames: (J=compiled Java code, j=interpreted, Vv=VM code, C=native code)
C  [rxtxSerial.dll+0x5b00]

Java frames: (J=compiled Java code, j=interpreted, Vv=VM code)
j  gnu.io.RXTXPort.readByte()I+0
j  gnu.io.RXTXPort$SerialInputStream.read()I+61
j  com.newlife.quanlysimbox.communicator.IOSerial.readSerial()Ljava/lang/String;+9
j  com.newlife.quanlysimbox.communicator.SerialPortCommunicator.readSerial()Ljava/lang/String;+4
j  com.newlife.quanlysimbox.communicator.SerialPortCommunicator.serialEvent(Lgnu/io/SerialPortEvent;)V+2
j  gnu.io.RXTXPort.sendEvent(IZ)Z+382
v  ~StubRoutines::call_stub
j  gnu.io.RXTXPort.eventLoop()V+0
j  gnu.io.RXTXPort$MonitorThread.run()V+12
v  ~StubRoutines::call_stub

siginfo: EXCEPTION_ACCESS_VIOLATION (0xc0000005), reading address 0xffffffffd0efead8


Register to memory mapping:

RIP=0x0000000180005b00 rxtxSerial.dll
RAX=0x0000000000000001 is an unknown value
RBX=0x0 is NULL
RCX=0x000000018001d4d5 rxtxSerial.dll
RDX=0xfffffffffffff665 is an unknown value
RSP=0x00000021d0efe060 is pointing into the stack for thread: 0x000001a428f95800
RBP=
[error occurred during error reporting (printing register info), id 0xc0000005, EXCEPTION_ACCESS_VIOLATION (0xc0000005) at pc=0x00007ffacb288cff]

Registers:
RAX=0x0000000000000001, RBX=0x0000000000000000, RCX=0x000000018001d4d5, RDX=0xfffffffffffff665
RSP=0x00000021d0efe060, RBP=0x00000000ffffffff, RSI=0x0000000000000000, RDI=0x000001a428f95b30
R8 =0x0000000000000002, R9 =0xfffffffffffff63c, R10=0x00007ffacb37b800, R11=0x8101010101010100
R12=0xffffffffd0efead0, R13=0x0000000000000001, R14=0x00000021d0efe208, R15=0x0000000000000000
RIP=0x0000000180005b00, EFLAGS=0x0000000000010202

Top of Stack: (sp=0x00000021d0efe060)
0x00000021d0efe060:   0000000000000000 0000000000000000
0x00000021d0efe070:   0000000000000000 000001a428f95b30
0x00000021d0efe080:   000001a428f95800 00000021d0efe208
0x00000021d0efe090:   000001a42a5046b0 00000021d0efe208
0x00000021d0efe0a0:   ffffffffffffffff 0000000000000010
0x00000021d0efe0b0:   000001a424f4d920 0000000180005f3f
0x00000021d0efe0c0:   000001a428f95b30 000001a428f95b30
0x00000021d0efe0d0:   0000000000000010 00000021d0efe0f0
0x00000021d0efe0e0:   000001a400000001 000001a4ffffffff
0x00000021d0efe0f0:   000001a428fb2000 00000021d0efe208
0x00000021d0efe100:   00000021d0efe730 0000000000000021
0x00000021d0efe110:   0000000000000021 0000000000000021
0x00000021d0efe120:   000001a42a5046b8 000001a428f95800
0x00000021d0efe130:   0000000000000003 000001a40e68ef40
0x00000021d0efe140:   0000b19d934abb7d 000001a42a5046b8
0x00000021d0efe150:   0000000000000000 0000000000000003 

Instructions: (pc=0x0000000180005b00)
0x0000000180005ae0:   15 23 7a 01 00 48 8d 48 60 e8 3a 5d 00 00 4c 8b
0x0000000180005af0:   e5 8b ac 24 88 00 00 00 44 8b ac 24 80 00 00 00
0x0000000180005b00:   45 8b 74 24 08 41 89 5c 24 08 41 8b fd 85 ed 78
0x0000000180005b10:   09 ff 15 e9 14 01 00 44 8b f8 45 85 ed 7e 4a 90 


Stack slot to memory mapping:
stack at sp + 0 slots: 0x0 is NULL
stack at sp + 1 slots: 0x0 is NULL
stack at sp + 2 slots: 0x0 is NULL
stack at sp + 3 slots: 0x000001a428f95b30 points into unknown readable memory: e0 1d 9a cb fa 7f 00 00
stack at sp + 4 slots: 0x000001a428f95800 is a thread
stack at sp + 5 slots: 0x00000021d0efe208 is pointing into the stack for thread: 0x000001a428f95800
stack at sp + 6 slots: 0x000001a42a5046b0 is pointing into metadata
stack at sp + 7 slots: 0x00000021d0efe208 is pointing into the stack for thread: 0x000001a428f95800


---------------  P R O C E S S  ---------------

Threads class SMR info:
_java_thread_list=0x000001a427424f30, length=57, elements={
0x000001a424f2a800, 0x000001a424f2c000, 0x000001a424f43000, 0x000001a424f45000,
0x000001a424f47800, 0x000001a424f50000, 0x000001a424f51800, 0x000001a425976000,
0x000001a425bc3800, 0x000001a425c8d000, 0x000001a42a2d7000, 0x000001a42c77a800,
0x000001a42a921000, 0x000001a426cf7000, 0x000001a428247800, 0x000001a42a382800,
0x000001a42a1e4800, 0x000001a4272b7800, 0x000001a4272b6000, 0x000001a4272b7000,
0x000001a4272b5000, 0x000001a4272b9800, 0x000001a4272bb000, 0x000001a4272b8800,
0x000001a4272bc000, 0x000001a4272ba000, 0x000001a42a402800, 0x000001a42a404800,
0x000001a42a405000, 0x000001a42a40b800, 0x000001a42a40a000, 0x000001a42a40b000,
0x000001a42a40c800, 0x000001a42a408800, 0x000001a42a407000, 0x000001a42a40d800,
0x000001a42a407800, 0x000001a42a40e000, 0x000001a42a40f000, 0x000001a42a409800,
0x000001a42a410000, 0x000001a42a410800, 0x000001a428f92800, 0x000001a428f91800,
0x000001a428f90800, 0x000001a428f94000, 0x000001a428f93000, 0x000001a428f8e800,
0x000001a428f95000, 0x000001a428f90000, 0x000001a428f8f000, 0x000001a428f98000,
0x000001a428f99000, 0x000001a428f9b800, 0x000001a428f95800, 0x000001a428f99800,
0x000001a428f96800
}

Java Threads: ( => current thread )
  0x000001a424f2a800 JavaThread "Reference Handler" daemon [_thread_blocked, id=1604, stack(0x00000021cce00000,0x00000021ccf00000)]
  0x000001a424f2c000 JavaThread "Finalizer" daemon [_thread_blocked, id=8216, stack(0x00000021ccf00000,0x00000021cd000000)]
  0x000001a424f43000 JavaThread "Signal Dispatcher" daemon [_thread_blocked, id=11524, stack(0x00000021cd000000,0x00000021cd100000)]
  0x000001a424f45000 JavaThread "Attach Listener" daemon [_thread_blocked, id=11304, stack(0x00000021cd100000,0x00000021cd200000)]
  0x000001a424f47800 JavaThread "C2 CompilerThread0" daemon [_thread_blocked, id=10040, stack(0x00000021cd200000,0x00000021cd300000)]
  0x000001a424f50000 JavaThread "C1 CompilerThread0" daemon [_thread_blocked, id=2156, stack(0x00000021cd300000,0x00000021cd400000)]
  0x000001a424f51800 JavaThread "Sweeper thread" daemon [_thread_blocked, id=11176, stack(0x00000021cd400000,0x00000021cd500000)]
  0x000001a425976000 JavaThread "Common-Cleaner" daemon [_thread_blocked, id=5360, stack(0x00000021cd500000,0x00000021cd600000)]
  0x000001a425bc3800 JavaThread "Monitor Ctrl-Break" daemon [_thread_in_native, id=7888, stack(0x00000021cd700000,0x00000021cd800000)]
  0x000001a425c8d000 JavaThread "Service Thread" daemon [_thread_blocked, id=8968, stack(0x00000021cd800000,0x00000021cd900000)]
  0x000001a42a2d7000 JavaThread "Catalina-utility-1" [_thread_blocked, id=6616, stack(0x00000021cde00000,0x00000021cdf00000)]
  0x000001a42c77a800 JavaThread "Catalina-utility-2" [_thread_blocked, id=12984, stack(0x00000021cdf00000,0x00000021ce000000)]
  0x000001a42a921000 JavaThread "container-0" [_thread_blocked, id=7276, stack(0x00000021ce000000,0x00000021ce100000)]
  0x000001a426cf7000 JavaThread "C2 CompilerThread1" daemon [_thread_blocked, id=1836, stack(0x00000021cd600000,0x00000021cd700000)]
  0x000001a428247800 JavaThread "http-nio-8082-BlockPoller" daemon [_thread_in_native, id=11564, stack(0x00000021ce500000,0x00000021ce600000)]
  0x000001a42a382800 JavaThread "http-nio-8082-exec-1" daemon [_thread_blocked, id=6340, stack(0x00000021ce600000,0x00000021ce700000)]
  0x000001a42a1e4800 JavaThread "http-nio-8082-exec-2" daemon [_thread_blocked, id=12340, stack(0x00000021ce700000,0x00000021ce800000)]
  0x000001a4272b7800 JavaThread "http-nio-8082-exec-3" daemon [_thread_blocked, id=8780, stack(0x00000021ce800000,0x00000021ce900000)]
  0x000001a4272b6000 JavaThread "http-nio-8082-exec-4" daemon [_thread_blocked, id=2772, stack(0x00000021ce900000,0x00000021cea00000)]
  0x000001a4272b7000 JavaThread "http-nio-8082-exec-5" daemon [_thread_blocked, id=5860, stack(0x00000021cea00000,0x00000021ceb00000)]
  0x000001a4272b5000 JavaThread "http-nio-8082-exec-6" daemon [_thread_blocked, id=2052, stack(0x00000021ceb00000,0x00000021cec00000)]
  0x000001a4272b9800 JavaThread "http-nio-8082-exec-7" daemon [_thread_blocked, id=4236, stack(0x00000021cec00000,0x00000021ced00000)]
  0x000001a4272bb000 JavaThread "http-nio-8082-exec-8" daemon [_thread_blocked, id=5872, stack(0x00000021ced00000,0x00000021cee00000)]
  0x000001a4272b8800 JavaThread "http-nio-8082-exec-9" daemon [_thread_blocked, id=5752, stack(0x00000021cee00000,0x00000021cef00000)]
  0x000001a4272bc000 JavaThread "http-nio-8082-exec-10" daemon [_thread_blocked, id=11232, stack(0x00000021cef00000,0x00000021cf000000)]
  0x000001a4272ba000 JavaThread "http-nio-8082-ClientPoller" daemon [_thread_in_native, id=9228, stack(0x00000021cf000000,0x00000021cf100000)]
  0x000001a42a402800 JavaThread "http-nio-8082-Acceptor" daemon [_thread_in_native, id=11148, stack(0x00000021cf100000,0x00000021cf200000)]
  0x000001a42a404800 JavaThread "Thread-2" [_thread_in_native, id=10644, stack(0x00000021cf300000,0x00000021cf400000)]
  0x000001a42a405000 JavaThread "Thread-4" [_thread_in_native, id=8776, stack(0x00000021cf500000,0x00000021cf600000)]
  0x000001a42a40b800 JavaThread "Thread-6" [_thread_in_native, id=2416, stack(0x00000021cf700000,0x00000021cf800000)]
  0x000001a42a40a000 JavaThread "Thread-8" [_thread_in_native, id=4460, stack(0x00000021cf900000,0x00000021cfa00000)]
  0x000001a42a40b000 Thread [stack: 0x00000021cfa00000,0x00000021cfb00000] [id=1848]
  0x000001a42a40c800 JavaThread "Thread-10" [_thread_in_native, id=2284, stack(0x00000021cfb00000,0x00000021cfc00000)]
  0x000001a42a408800 JavaThread "Thread-11" [_thread_blocked, id=2824, stack(0x00000021cfc00000,0x00000021cfd00000)]
  0x000001a42a407000 JavaThread "Thread-12" [_thread_in_native, id=8088, stack(0x00000021cfd00000,0x00000021cfe00000)]
  0x000001a42a40d800 JavaThread "Thread-13" [_thread_blocked, id=7660, stack(0x00000021cfe00000,0x00000021cff00000)]
  0x000001a42a407800 JavaThread "Thread-14" [_thread_in_native, id=11188, stack(0x00000021cff00000,0x00000021d0000000)]
  0x000001a42a40e000 JavaThread "Thread-15" [_thread_blocked, id=1896, stack(0x00000021d0000000,0x00000021d0100000)]
  0x000001a42a40f000 JavaThread "Thread-16" [_thread_in_native, id=2596, stack(0x00000021d0100000,0x00000021d0200000)]
  0x000001a42a409800 JavaThread "Thread-17" [_thread_blocked, id=2392, stack(0x00000021d0200000,0x00000021d0300000)]
  0x000001a42a410000 JavaThread "Thread-18" [_thread_in_native, id=10312, stack(0x00000021d0300000,0x00000021d0400000)]
  0x000001a42a410800 JavaThread "Thread-19" [_thread_blocked, id=11460, stack(0x00000021d0400000,0x00000021d0500000)]
  0x000001a428f92800 JavaThread "Thread-20" [_thread_in_native, id=6856, stack(0x00000021d0500000,0x00000021d0600000)]
  0x000001a428f91800 JavaThread "Thread-21" [_thread_blocked, id=10652, stack(0x00000021d0600000,0x00000021d0700000)]
  0x000001a428f90800 JavaThread "Thread-22" [_thread_in_native, id=1932, stack(0x00000021d0700000,0x00000021d0800000)]
  0x000001a428f94000 JavaThread "Thread-23" [_thread_blocked, id=10580, stack(0x00000021d0800000,0x00000021d0900000)]
  0x000001a428f93000 JavaThread "Thread-24" [_thread_in_native, id=5392, stack(0x00000021cf200000,0x00000021cf300000)]
  0x000001a428f8e800 JavaThread "Thread-25" [_thread_blocked, id=6876, stack(0x00000021d0900000,0x00000021d0a00000)]
  0x000001a428f95000 JavaThread "Thread-26" [_thread_in_native, id=12232, stack(0x00000021d0a00000,0x00000021d0b00000)]
  0x000001a428f90000 JavaThread "Thread-27" [_thread_blocked, id=9636, stack(0x00000021d0b00000,0x00000021d0c00000)]
  0x000001a428f8f000 JavaThread "Thread-28" [_thread_in_native, id=2408, stack(0x00000021d0c00000,0x00000021d0d00000)]
  0x000001a428f98000 JavaThread "Thread-29" [_thread_blocked, id=3028, stack(0x00000021cf400000,0x00000021cf500000)]
  0x000001a428f99000 JavaThread "Thread-30" [_thread_in_native, id=11776, stack(0x00000021d0d00000,0x00000021d0e00000)]
  0x000001a428f9b800 JavaThread "Thread-31" [_thread_blocked, id=7324, stack(0x00000021cf600000,0x00000021cf700000)]
=>0x000001a428f95800 JavaThread "Thread-32" [_thread_in_native, id=12408, stack(0x00000021d0e00000,0x00000021d0f00000)]
  0x000001a428f99800 JavaThread "Thread-33" [_thread_blocked, id=4812, stack(0x00000021cf800000,0x00000021cf900000)]
  0x000001a428f96800 JavaThread "DestroyJavaVM" [_thread_blocked, id=6464, stack(0x00000021cc700000,0x00000021cc800000)]

Other Threads:
  0x000001a424f26800 VMThread "VM Thread" [stack: 0x00000021ccd00000,0x00000021cce00000] [id=7372]
  0x000001a425b03800 WatcherThread [stack: 0x00000021cd900000,0x00000021cda00000] [id=12456]
  0x000001a4062ac000 GCTaskThread "GC Thread#0" [stack: 0x00000021cc800000,0x00000021cc900000] [id=10100]
  0x000001a425f5b800 GCTaskThread "GC Thread#1" [stack: 0x00000021cda00000,0x00000021cdb00000] [id=2256]
  0x000001a42600d800 GCTaskThread "GC Thread#2" [stack: 0x00000021cdb00000,0x00000021cdc00000] [id=11800]
  0x000001a4266dd800 GCTaskThread "GC Thread#3" [stack: 0x00000021cdc00000,0x00000021cdd00000] [id=10244]
  0x000001a4266c4000 GCTaskThread "GC Thread#4" [stack: 0x00000021ce100000,0x00000021ce200000] [id=9784]
  0x000001a426cdd800 GCTaskThread "GC Thread#5" [stack: 0x00000021ce200000,0x00000021ce300000] [id=1072]
  0x000001a42aa81800 GCTaskThread "GC Thread#6" [stack: 0x00000021ce300000,0x00000021ce400000] [id=13140]
  0x000001a4259ad800 GCTaskThread "GC Thread#7" [stack: 0x00000021ce400000,0x00000021ce500000] [id=9352]
  0x000001a4062bb800 ConcurrentGCThread "G1 Main Marker" [stack: 0x00000021cc900000,0x00000021cca00000] [id=5368]
  0x000001a4062be800 ConcurrentGCThread "G1 Conc#0" [stack: 0x00000021cca00000,0x00000021ccb00000] [id=11732]
  0x000001a4269b3000 ConcurrentGCThread "G1 Conc#1" [stack: 0x00000021cdd00000,0x00000021cde00000] [id=10716]
  0x000001a424da0800 ConcurrentGCThread "G1 Refine#0" [stack: 0x00000021ccb00000,0x00000021ccc00000] [id=7948]
  0x000001a424da1000 ConcurrentGCThread "G1 Young RemSet Sampling" [stack: 0x00000021ccc00000,0x00000021ccd00000] [id=8524]

Threads with active compile tasks:

VM state:not at safepoint (normal execution)

VM Mutex/Monitor currently owned by a thread: None

Heap address: 0x0000000081400000, size: 2028 MB, Compressed Oops mode: 32-bit
Narrow klass base: 0x0000000800000000, Narrow klass shift: 3
Compressed class space size: 1073741824 Address: 0x00000008011a0000

Heap:
 garbage-first heap   total 49152K, used 23133K [0x0000000081400000, 0x0000000100000000)
  region size 1024K, 12 young (12288K), 3 survivors (3072K)
 Metaspace       used 30644K, capacity 31614K, committed 31920K, reserved 1077248K
  class space    used 3638K, capacity 3993K, committed 4096K, reserved 1048576K
Heap Regions: E=young(eden), S=young(survivor), O=old, HS=humongous(starts), HC=humongous(continues), CS=collection set, F=free, A=archive, TAMS=top-at-mark-start (previous, next)
|   0|0x0000000081400000, 0x0000000081500000, 0x0000000081500000|100%| O|  |TAMS 0x0000000081500000, 0x0000000081400000| Untracked 
|   1|0x0000000081500000, 0x0000000081600000, 0x0000000081600000|100%| O|  |TAMS 0x0000000081600000, 0x0000000081500000| Untracked 
|   2|0x0000000081600000, 0x0000000081700000, 0x0000000081700000|100%| O|  |TAMS 0x000000008160d200, 0x0000000081600000| Untracked 
|   3|0x0000000081700000, 0x0000000081800000, 0x0000000081800000|100%| O|  |TAMS 0x0000000081700000, 0x0000000081700000| Untracked 
|   4|0x0000000081800000, 0x0000000081900000, 0x0000000081900000|100%| O|  |TAMS 0x0000000081800000, 0x0000000081800000| Untracked 
|   5|0x0000000081900000, 0x0000000081907600, 0x0000000081a00000|  2%| O|  |TAMS 0x0000000081900000, 0x0000000081900000| Untracked 
|   6|0x0000000081a00000, 0x0000000081b00000, 0x0000000081b00000|100%| O|  |TAMS 0x0000000081a00000, 0x0000000081a00000| Untracked 
|   7|0x0000000081b00000, 0x0000000081c00000, 0x0000000081c00000|100%| O|  |TAMS 0x0000000081b00000, 0x0000000081b00000| Untracked 
|   8|0x0000000081c00000, 0x0000000081d00000, 0x0000000081d00000|100%| O|  |TAMS 0x0000000081c00000, 0x0000000081c00000| Untracked 
|   9|0x0000000081d00000, 0x0000000081e00000, 0x0000000081e00000|100%| O|  |TAMS 0x0000000081d00000, 0x0000000081d00000| Untracked 
|  10|0x0000000081e00000, 0x0000000081f00000, 0x0000000081f00000|100%| O|  |TAMS 0x0000000081e00000, 0x0000000081e00000| Untracked 
|  11|0x0000000081f00000, 0x0000000082000000, 0x0000000082000000|100%| O|  |TAMS 0x0000000081f00000, 0x0000000081f00000| Untracked 
|  12|0x0000000082000000, 0x000000008208fe00, 0x0000000082100000| 56%| O|  |TAMS 0x0000000082000000, 0x0000000082000000| Untracked 
|  13|0x0000000082100000, 0x0000000082100000, 0x0000000082200000|  0%| F|  |TAMS 0x0000000082100000, 0x0000000082100000| Untracked 
|  14|0x0000000082200000, 0x0000000082200000, 0x0000000082300000|  0%| F|  |TAMS 0x0000000082200000, 0x0000000082200000| Untracked 
|  15|0x0000000082300000, 0x0000000082300000, 0x0000000082400000|  0%| F|  |TAMS 0x0000000082300000, 0x0000000082300000| Untracked 
|  16|0x0000000082400000, 0x0000000082400000, 0x0000000082500000|  0%| F|  |TAMS 0x0000000082400000, 0x0000000082400000| Untracked 
|  17|0x0000000082500000, 0x0000000082500000, 0x0000000082600000|  0%| F|  |TAMS 0x0000000082500000, 0x0000000082500000| Untracked 
|  18|0x0000000082600000, 0x0000000082600000, 0x0000000082700000|  0%| F|  |TAMS 0x0000000082600000, 0x0000000082600000| Untracked 
|  19|0x0000000082700000, 0x0000000082700000, 0x0000000082800000|  0%| F|  |TAMS 0x0000000082700000, 0x0000000082700000| Untracked 
|  20|0x0000000082800000, 0x0000000082800000, 0x0000000082900000|  0%| F|  |TAMS 0x0000000082800000, 0x0000000082800000| Untracked 
|  21|0x0000000082900000, 0x0000000082900000, 0x0000000082a00000|  0%| F|  |TAMS 0x0000000082900000, 0x0000000082900000| Untracked 
|  22|0x0000000082a00000, 0x0000000082a00000, 0x0000000082b00000|  0%| F|  |TAMS 0x0000000082a00000, 0x0000000082a00000| Untracked 
|  23|0x0000000082b00000, 0x0000000082b00000, 0x0000000082c00000|  0%| F|  |TAMS 0x0000000082b00000, 0x0000000082b00000| Untracked 
|  24|0x0000000082c00000, 0x0000000082c00000, 0x0000000082d00000|  0%| F|  |TAMS 0x0000000082c00000, 0x0000000082c00000| Untracked 
|  25|0x0000000082d00000, 0x0000000082d00000, 0x0000000082e00000|  0%| F|  |TAMS 0x0000000082d00000, 0x0000000082d00000| Untracked 
|  26|0x0000000082e00000, 0x0000000082e00000, 0x0000000082f00000|  0%| F|  |TAMS 0x0000000082e00000, 0x0000000082e00000| Untracked 
|  27|0x0000000082f00000, 0x0000000083000000, 0x0000000083000000|100%| S|CS|TAMS 0x0000000082f00000, 0x0000000082f00000| Complete 
|  28|0x0000000083000000, 0x0000000083100000, 0x0000000083100000|100%| S|CS|TAMS 0x0000000083000000, 0x0000000083000000| Complete 
|  29|0x0000000083100000, 0x0000000083200000, 0x0000000083200000|100%| S|CS|TAMS 0x0000000083100000, 0x0000000083100000| Complete 
|  30|0x0000000083200000, 0x0000000083200000, 0x0000000083300000|  0%| F|  |TAMS 0x0000000083200000, 0x0000000083200000| Untracked 
|  31|0x0000000083300000, 0x0000000083300000, 0x0000000083400000|  0%| F|  |TAMS 0x0000000083300000, 0x0000000083300000| Untracked 
|  32|0x0000000083400000, 0x0000000083400000, 0x0000000083500000|  0%| F|  |TAMS 0x0000000083400000, 0x0000000083400000| Untracked 
|  33|0x0000000083500000, 0x0000000083500000, 0x0000000083600000|  0%| F|  |TAMS 0x0000000083500000, 0x0000000083500000| Untracked 
|  34|0x0000000083600000, 0x0000000083600000, 0x0000000083700000|  0%| F|  |TAMS 0x0000000083600000, 0x0000000083600000| Untracked 
|  35|0x0000000083700000, 0x0000000083700000, 0x0000000083800000|  0%| F|  |TAMS 0x0000000083700000, 0x0000000083700000| Untracked 
|  36|0x0000000083800000, 0x0000000083800000, 0x0000000083900000|  0%| F|  |TAMS 0x0000000083800000, 0x0000000083800000| Untracked 
|  37|0x0000000083900000, 0x0000000083900000, 0x0000000083a00000|  0%| F|  |TAMS 0x0000000083900000, 0x0000000083900000| Untracked 
|  38|0x0000000083a00000, 0x0000000083a00000, 0x0000000083b00000|  0%| F|  |TAMS 0x0000000083a00000, 0x0000000083a00000| Untracked 
|  39|0x0000000083b00000, 0x0000000083b9a358, 0x0000000083c00000| 60%| E|  |TAMS 0x0000000083b00000, 0x0000000083b00000| Complete 
|  40|0x0000000083c00000, 0x0000000083d00000, 0x0000000083d00000|100%| E|CS|TAMS 0x0000000083c00000, 0x0000000083c00000| Complete 
|  41|0x0000000083d00000, 0x0000000083e00000, 0x0000000083e00000|100%| E|CS|TAMS 0x0000000083d00000, 0x0000000083d00000| Complete 
| 120|0x0000000088c00000, 0x0000000088d00000, 0x0000000088d00000|100%| E|CS|TAMS 0x0000000088c00000, 0x0000000088c00000| Complete 
| 121|0x0000000088d00000, 0x0000000088e00000, 0x0000000088e00000|100%| E|CS|TAMS 0x0000000088d00000, 0x0000000088d00000| Complete 
| 122|0x0000000088e00000, 0x0000000088f00000, 0x0000000088f00000|100%| E|CS|TAMS 0x0000000088e00000, 0x0000000088e00000| Complete 
| 123|0x0000000088f00000, 0x0000000089000000, 0x0000000089000000|100%| E|CS|TAMS 0x0000000088f00000, 0x0000000088f00000| Complete 
| 124|0x0000000089000000, 0x0000000089100000, 0x0000000089100000|100%| E|CS|TAMS 0x0000000089000000, 0x0000000089000000| Complete 
| 127|0x0000000089300000, 0x0000000089400000, 0x0000000089400000|100%| E|CS|TAMS 0x0000000089300000, 0x0000000089300000| Complete 

Card table byte_map: [0x000001a41ddb0000,0x000001a41e1b0000] _byte_map_base: 0x000001a41d9a6000

Marking Bits (Prev, Next): (CMBitMap*) 0x000001a4062ade48, (CMBitMap*) 0x000001a4062ade08
 Prev Bits: [0x000001a420560000, 0x000001a422510000)
 Next Bits: [0x000001a41e5b0000, 0x000001a420560000)

Polling page: 0x000001a4041e0000

Metaspace:

Usage:
  Non-class:     26.97 MB capacity,    26.37 MB ( 98%) used,   508.99 KB (  2%) free+waste,   105.94 KB ( <1%) overhead. 
      Class:      3.90 MB capacity,     3.55 MB ( 91%) used,   303.78 KB (  8%) free+waste,    50.50 KB (  1%) overhead. 
       Both:     30.87 MB capacity,    29.93 MB ( 97%) used,   812.77 KB (  3%) free+waste,   156.44 KB ( <1%) overhead. 

Virtual space:
  Non-class space:       28.00 MB reserved,      27.17 MB ( 97%) committed 
      Class space:        1.00 GB reserved,       4.00 MB ( <1%) committed 
             Both:        1.03 GB reserved,      31.17 MB (  3%) committed 

Chunk freelists:
   Non-Class:  1.38 KB
       Class:  896 bytes
        Both:  2.25 KB

CodeHeap 'non-profiled nmethods': size=120000Kb used=1874Kb max_used=1874Kb free=118126Kb
 bounds [0x000001a416150000, 0x000001a4163c0000, 0x000001a41d680000]
CodeHeap 'profiled nmethods': size=120000Kb used=8112Kb max_used=8112Kb free=111887Kb
 bounds [0x000001a40ec20000, 0x000001a40f410000, 0x000001a416150000]
CodeHeap 'non-nmethods': size=5760Kb used=2202Kb max_used=2236Kb free=3557Kb
 bounds [0x000001a40e680000, 0x000001a40e8f0000, 0x000001a40ec20000]
 total_blobs=5149 nmethods=3582 adapters=649
 compilation: enabled
              stopped_count=0, restarted_count=0
 full_count=0

Compilation events (10 events):
Event: 3.875 Thread 0x000001a426ced000 3518       4       java.util.Collections$EmptyMap::values (4 bytes)
Event: 3.876 Thread 0x000001a426ced000 nmethod 3518 0x000001a41631ac10 code [0x000001a41631ada0, 0x000001a41631ae18]
Event: 3.876 Thread 0x000001a426ced000 3519       4       java.util.Collections$EmptySet::toArray (11 bytes)
Event: 3.876 Thread 0x000001a426ced000 nmethod 3519 0x000001a41631ae90 code [0x000001a41631b020, 0x000001a41631b0b8]
Event: 3.876 Thread 0x000001a426ced000 3520       4       java.lang.Class::privateGetDeclaredMethods (64 bytes)
Event: 3.877 Thread 0x000001a426cf7000 nmethod 3567 0x000001a41631b190 code [0x000001a41631b360, 0x000001a41631b6c8]
Event: 3.879 Thread 0x000001a426ced000 nmethod 3520 0x000001a41631ba10 code [0x000001a41631bbe0, 0x000001a41631bf88]
Event: 3.940 Thread 0x000001a424f47800 nmethod 3489 0x000001a41631c190 code [0x000001a41631c680, 0x000001a416321da8]
Event: 4.756 Thread 0x000001a424f50000 3590       3       java.lang.Thread::getContextClassLoader (32 bytes)
Event: 4.757 Thread 0x000001a424f50000 nmethod 3590 0x000001a40f40b490 code [0x000001a40f40b6e0, 0x000001a40f40c0e0]

GC Heap History (10 events):
Event: 1.877 GC heap before
{Heap before GC invocations=1 (full 0):
 garbage-first heap   total 131072K, used 79924K [0x0000000081400000, 0x0000000100000000)
  region size 1024K, 76 young (77824K), 3 survivors (3072K)
 Metaspace       used 20156K, capacity 20749K, committed 20864K, reserved 1067008K
  class space    used 2400K, capacity 2616K, committed 2688K, reserved 1048576K
}
Event: 1.887 GC heap after
{Heap after GC invocations=2 (full 0):
 garbage-first heap   total 131072K, used 9753K [0x0000000081400000, 0x0000000100000000)
  region size 1024K, 8 young (8192K), 8 survivors (8192K)
 Metaspace       used 20156K, capacity 20749K, committed 20864K, reserved 1067008K
  class space    used 2400K, capacity 2616K, committed 2688K, reserved 1048576K
}
Event: 1.927 GC heap before
{Heap before GC invocations=2 (full 0):
 garbage-first heap   total 131072K, used 11801K [0x0000000081400000, 0x0000000100000000)
  region size 1024K, 11 young (11264K), 8 survivors (8192K)
 Metaspace       used 20609K, capacity 21178K, committed 21296K, reserved 1069056K
  class space    used 2449K, capacity 2652K, committed 2688K, reserved 1048576K
}
Event: 1.934 GC heap after
{Heap after GC invocations=3 (full 0):
 garbage-first heap   total 131072K, used 10131K [0x0000000081400000, 0x0000000100000000)
  region size 1024K, 5 young (5120K), 5 survivors (5120K)
 Metaspace       used 20609K, capacity 21178K, committed 21296K, reserved 1069056K
  class space    used 2449K, capacity 2652K, committed 2688K, reserved 1048576K
}
Event: 2.475 GC heap before
{Heap before GC invocations=4 (full 0):
 garbage-first heap   total 40960K, used 29587K [0x0000000081400000, 0x0000000100000000)
  region size 1024K, 24 young (24576K), 5 survivors (5120K)
 Metaspace       used 24565K, capacity 25332K, committed 25520K, reserved 1071104K
  class space    used 2939K, capacity 3224K, committed 3328K, reserved 1048576K
}
Event: 2.484 GC heap after
{Heap after GC invocations=5 (full 0):
 garbage-first heap   total 40960K, used 11547K [0x0000000081400000, 0x0000000100000000)
  region size 1024K, 2 young (2048K), 2 survivors (2048K)
 Metaspace       used 24565K, capacity 25332K, committed 25520K, reserved 1071104K
  class space    used 2939K, capacity 3224K, committed 3328K, reserved 1048576K
}
Event: 3.528 GC heap before
{Heap before GC invocations=5 (full 0):
 garbage-first heap   total 40960K, used 27931K [0x0000000081400000, 0x0000000100000000)
  region size 1024K, 18 young (18432K), 2 survivors (2048K)
 Metaspace       used 26872K, capacity 27701K, committed 27824K, reserved 1073152K
  class space    used 3240K, capacity 3561K, committed 3584K, reserved 1048576K
}
Event: 3.532 GC heap after
{Heap after GC invocations=6 (full 0):
 garbage-first heap   total 49152K, used 13244K [0x0000000081400000, 0x0000000100000000)
  region size 1024K, 2 young (2048K), 2 survivors (2048K)
 Metaspace       used 26872K, capacity 27701K, committed 27824K, reserved 1073152K
  class space    used 3240K, capacity 3561K, committed 3584K, reserved 1048576K
}
Event: 3.784 GC heap before
{Heap before GC invocations=6 (full 0):
 garbage-first heap   total 49152K, used 33724K [0x0000000081400000, 0x0000000100000000)
  region size 1024K, 20 young (20480K), 2 survivors (2048K)
 Metaspace       used 29737K, capacity 30643K, committed 30896K, reserved 1077248K
  class space    used 3517K, capacity 3840K, committed 3840K, reserved 1048576K
}
Event: 3.787 GC heap after
{Heap after GC invocations=7 (full 0):
 garbage-first heap   total 49152K, used 14941K [0x0000000081400000, 0x0000000100000000)
  region size 1024K, 3 young (3072K), 3 survivors (3072K)
 Metaspace       used 29737K, capacity 30643K, committed 30896K, reserved 1077248K
  class space    used 3517K, capacity 3840K, committed 3840K, reserved 1048576K
}

Deoptimization events (10 events):
Event: 3.500 Thread 0x000001a40626c800 Uncommon trap: reason=profile_predicate action=maybe_recompile pc=0x000001a4162deaac method=java.lang.PublicMethods$MethodList.filter([Ljava/lang/reflect/Method;Ljava/lang/String;[Ljava/lang/Class;Z)Ljava/lang/PublicMethods$MethodList; @ 21 c2
Event: 3.500 Thread 0x000001a40626c800 Uncommon trap: reason=profile_predicate action=maybe_recompile pc=0x000001a4162deaac method=java.lang.PublicMethods$MethodList.filter([Ljava/lang/reflect/Method;Ljava/lang/String;[Ljava/lang/Class;Z)Ljava/lang/PublicMethods$MethodList; @ 21 c2
Event: 3.534 Thread 0x000001a40626c800 Uncommon trap: reason=array_check action=maybe_recompile pc=0x000001a4162e21d8 method=java.util.AbstractCollection.toArray([Ljava/lang/Object;)[Ljava/lang/Object; @ 116 c2
Event: 3.534 Thread 0x000001a40626c800 Uncommon trap: reason=array_check action=maybe_recompile pc=0x000001a4162e21d8 method=java.util.AbstractCollection.toArray([Ljava/lang/Object;)[Ljava/lang/Object; @ 116 c2
Event: 3.535 Thread 0x000001a40626c800 Uncommon trap: reason=array_check action=maybe_recompile pc=0x000001a4162e21d8 method=java.util.AbstractCollection.toArray([Ljava/lang/Object;)[Ljava/lang/Object; @ 116 c2
Event: 3.535 Thread 0x000001a40626c800 Uncommon trap: reason=array_check action=maybe_recompile pc=0x000001a4162e21d8 method=java.util.AbstractCollection.toArray([Ljava/lang/Object;)[Ljava/lang/Object; @ 116 c2
Event: 3.553 Thread 0x000001a40626c800 Uncommon trap: reason=unstable_if action=reinterpret pc=0x000001a41621710c method=java.lang.String.indexOf([BBILjava/lang/String;I)I @ 54 c2
Event: 3.599 Thread 0x000001a40626c800 Uncommon trap: reason=unstable_if action=reinterpret pc=0x000001a4162c0664 method=org.springframework.beans.factory.support.DefaultSingletonBeanRegistry.getSingleton(Ljava/lang/String;Z)Ljava/lang/Object; @ 39 c2
Event: 3.601 Thread 0x000001a40626c800 Uncommon trap: reason=null_check action=make_not_entrant pc=0x000001a41625f884 method=org.springframework.util.ClassUtils.isAssignable(Ljava/lang/Class;Ljava/lang/Class;)Z @ 14 c2
Event: 3.868 Thread 0x000001a40626c800 Uncommon trap: reason=unstable_if action=reinterpret pc=0x000001a4162d3f8c method=org.springframework.util.ConcurrentReferenceHashMap$Segment.clear()V @ 7 c2

Classes redefined (0 events):
No events

Internal exceptions (10 events):
Event: 3.799 Thread 0x000001a40626c800 Exception <a 'java/lang/ClassNotFoundException'{0x000000008900b0c0}: org/thymeleaf/model/ITextBeanInfo> (0x000000008900b0c0) thrown at [t:/workspace/open/src/hotspot/share/classfile/systemDictionary.cpp, line 235]
Event: 3.799 Thread 0x000001a40626c800 Exception <a 'java/lang/ClassNotFoundException'{0x0000000089012370}: org/thymeleaf/model/ITextCustomizer> (0x0000000089012370) thrown at [t:/workspace/open/src/hotspot/share/classfile/systemDictionary.cpp, line 235]
Event: 3.804 Thread 0x000001a40626c800 Exception <a 'java/lang/ClassNotFoundException'{0x000000008907d6d8}: nz/net/ultraq/thymeleaf/decorators/strategies/AppendingStrategyBeanInfo> (0x000000008907d6d8) thrown at [t:/workspace/open/src/hotspot/share/classfile/systemDictionary.cpp, line 235]
Event: 3.805 Thread 0x000001a40626c800 Exception <a 'java/lang/ClassNotFoundException'{0x0000000089086b18}: nz/net/ultraq/thymeleaf/decorators/strategies/AppendingStrategyCustomizer> (0x0000000089086b18) thrown at [t:/workspace/open/src/hotspot/share/classfile/systemDictionary.cpp, line 235]
Event: 3.807 Thread 0x000001a40626c800 Exception <a 'java/lang/ClassNotFoundException'{0x00000000890cb848}: nz/net/ultraq/thymeleaf/LayoutDialectBeanInfo> (0x00000000890cb848) thrown at [t:/workspace/open/src/hotspot/share/classfile/systemDictionary.cpp, line 235]
Event: 3.808 Thread 0x000001a40626c800 Exception <a 'java/lang/ClassNotFoundException'{0x00000000890d3b80}: org/thymeleaf/dialect/AbstractProcessorDialectBeanInfo> (0x00000000890d3b80) thrown at [t:/workspace/open/src/hotspot/share/classfile/systemDictionary.cpp, line 235]
Event: 3.808 Thread 0x000001a40626c800 Exception <a 'java/lang/ClassNotFoundException'{0x00000000890db650}: org/thymeleaf/dialect/AbstractDialectBeanInfo> (0x00000000890db650) thrown at [t:/workspace/open/src/hotspot/share/classfile/systemDictionary.cpp, line 235]
Event: 3.808 Thread 0x000001a40626c800 Exception <a 'java/lang/ClassNotFoundException'{0x00000000890e31b8}: org/thymeleaf/dialect/AbstractDialectCustomizer> (0x00000000890e31b8) thrown at [t:/workspace/open/src/hotspot/share/classfile/systemDictionary.cpp, line 235]
Event: 3.808 Thread 0x000001a40626c800 Exception <a 'java/lang/ClassNotFoundException'{0x00000000890eda80}: org/thymeleaf/dialect/AbstractProcessorDialectCustomizer> (0x00000000890eda80) thrown at [t:/workspace/open/src/hotspot/share/classfile/systemDictionary.cpp, line 235]
Event: 3.809 Thread 0x000001a40626c800 Exception <a 'java/lang/ClassNotFoundException'{0x00000000890f8b80}: nz/net/ultraq/thymeleaf/LayoutDialectCustomizer> (0x00000000890f8b80) thrown at [t:/workspace/open/src/hotspot/share/classfile/systemDictionary.cpp, line 235]

Events (10 events):
Event: 5.054 Thread 0x000001a428f9b800 Thread added: 0x000001a428f9b800
Event: 5.100 Thread 0x000001a428f95800 Thread added: 0x000001a428f95800
Event: 5.121 Executing VM operation: RevokeBias
Event: 5.121 Executing VM operation: RevokeBias done
Event: 5.121 Thread 0x000001a42a406000 Thread exited: 0x000001a42a406000
Event: 5.131 Thread 0x000001a428f99800 Thread added: 0x000001a428f99800
Event: 5.131 Thread 0x000001a40626c800 Thread exited: 0x000001a40626c800
Event: 5.131 Thread 0x000001a428f96800 Thread added: 0x000001a428f96800
Event: 5.168 loading class gnu/io/SerialPortEvent
Event: 5.168 loading class gnu/io/SerialPortEvent done


Dynamic libraries:
0x00007ff6e9e70000 - 0x00007ff6e9e7f000 	C:\Program Files\Java\jdk-12.0.1\bin\java.exe
0x00007ffb2c4d0000 - 0x00007ffb2c6c6000 	C:\WINDOWS\SYSTEM32\ntdll.dll
0x00007ffb2af10000 - 0x00007ffb2afcd000 	C:\WINDOWS\System32\KERNEL32.DLL
0x00007ffb2a270000 - 0x00007ffb2a538000 	C:\WINDOWS\System32\KERNELBASE.dll
0x00007ffb29c20000 - 0x00007ffb29d20000 	C:\WINDOWS\System32\ucrtbase.dll
0x00007ffb0f590000 - 0x00007ffb0f5a6000 	C:\Program Files\Java\jdk-12.0.1\bin\VCRUNTIME140.dll
0x00007ffb0e440000 - 0x00007ffb0e458000 	C:\Program Files\Java\jdk-12.0.1\bin\jli.dll
0x00007ffb2b250000 - 0x00007ffb2b2fa000 	C:\WINDOWS\System32\ADVAPI32.dll
0x00007ffb2ae10000 - 0x00007ffb2aeae000 	C:\WINDOWS\System32\msvcrt.dll
0x00007ffb2be80000 - 0x00007ffb2bf1b000 	C:\WINDOWS\System32\sechost.dll
0x00007ffb2afd0000 - 0x00007ffb2b0f4000 	C:\WINDOWS\System32\RPCRT4.dll
0x00007ffb2bb00000 - 0x00007ffb2bca0000 	C:\WINDOWS\System32\USER32.dll
0x00007ffb2a1f0000 - 0x00007ffb2a212000 	C:\WINDOWS\System32\win32u.dll
0x00007ffb0e4a0000 - 0x00007ffb0e73b000 	C:\WINDOWS\WinSxS\amd64_microsoft.windows.common-controls_6595b64144ccf1df_6.0.19041.488_none_ca04af081b815d21\COMCTL32.dll
0x00007ffb2bda0000 - 0x00007ffb2bdca000 	C:\WINDOWS\System32\GDI32.dll
0x00007ffb2a000000 - 0x00007ffb2a109000 	C:\WINDOWS\System32\gdi32full.dll
0x00007ffb29d20000 - 0x00007ffb29dbd000 	C:\WINDOWS\System32\msvcp_win.dll
0x00007ffb23e00000 - 0x00007ffb23e0a000 	C:\WINDOWS\SYSTEM32\VERSION.dll
0x00007ffb2bca0000 - 0x00007ffb2bcd0000 	C:\WINDOWS\System32\IMM32.DLL
0x00007ffad2960000 - 0x00007ffad2a0a000 	C:\Program Files\Java\jdk-12.0.1\bin\msvcp140.dll
0x00007ffacaf90000 - 0x00007ffacbb04000 	C:\Program Files\Java\jdk-12.0.1\bin\server\jvm.dll
0x00007ffb2baf0000 - 0x00007ffb2baf8000 	C:\WINDOWS\System32\PSAPI.DLL
0x00007ffb1ac80000 - 0x00007ffb1ac89000 	C:\WINDOWS\SYSTEM32\WSOCK32.dll
0x00007ffb205c0000 - 0x00007ffb205e7000 	C:\WINDOWS\SYSTEM32\WINMM.dll
0x00007ffb2b920000 - 0x00007ffb2b98b000 	C:\WINDOWS\System32\WS2_32.dll
0x00007ffb28530000 - 0x00007ffb28542000 	C:\WINDOWS\SYSTEM32\kernel.appcore.dll
0x00007ffb0d640000 - 0x00007ffb0d651000 	C:\Program Files\Java\jdk-12.0.1\bin\verify.dll
0x00007ffb27a00000 - 0x00007ffb27be4000 	C:\WINDOWS\SYSTEM32\DBGHELP.DLL
0x00007ffb13cd0000 - 0x00007ffb13cfc000 	C:\WINDOWS\SYSTEM32\dbgcore.DLL
0x00007ffb29f80000 - 0x00007ffb29fff000 	C:\WINDOWS\System32\bcryptPrimitives.dll
0x00007ffaf67c0000 - 0x00007ffaf67e6000 	C:\Program Files\Java\jdk-12.0.1\bin\java.dll
0x00007ffb17430000 - 0x00007ffb1743e000 	C:\Program Files\Java\jdk-12.0.1\bin\instrument.dll
0x00007ffb0d5f0000 - 0x00007ffb0d607000 	C:\Program Files\Java\jdk-12.0.1\bin\zip.dll
0x00007ffb173a0000 - 0x00007ffb173aa000 	C:\Program Files\Java\jdk-12.0.1\bin\jimage.dll
0x00007ffb2a670000 - 0x00007ffb2adb0000 	C:\WINDOWS\System32\SHELL32.dll
0x00007ffb27d30000 - 0x00007ffb284c4000 	C:\WINDOWS\SYSTEM32\windows.storage.dll
0x00007ffb2bf40000 - 0x00007ffb2c295000 	C:\WINDOWS\System32\combase.dll
0x00007ffb295c0000 - 0x00007ffb295ec000 	C:\WINDOWS\SYSTEM32\Wldp.dll
0x00007ffb2b100000 - 0x00007ffb2b1ae000 	C:\WINDOWS\System32\SHCORE.dll
0x00007ffb2c2a0000 - 0x00007ffb2c2f5000 	C:\WINDOWS\System32\shlwapi.dll
0x00007ffb29b50000 - 0x00007ffb29b76000 	C:\WINDOWS\SYSTEM32\profapi.dll
0x00007ffb0d380000 - 0x00007ffb0d399000 	C:\Program Files\Java\jdk-12.0.1\bin\net.dll
0x00007ffb207b0000 - 0x00007ffb208b0000 	C:\WINDOWS\SYSTEM32\WINHTTP.dll
0x00007ffb16f80000 - 0x00007ffb1716d000 	C:\WINDOWS\SYSTEM32\urlmon.dll
0x00007ffb17520000 - 0x00007ffb177d0000 	C:\WINDOWS\SYSTEM32\iertutil.dll
0x00007ffb29340000 - 0x00007ffb293aa000 	C:\WINDOWS\system32\mswsock.dll
0x00007ffb0d080000 - 0x00007ffb0d093000 	C:\Program Files\Java\jdk-12.0.1\bin\nio.dll
0x00007ffb0cd90000 - 0x00007ffb0cdaa000 	C:\Program Files\JetBrains\IntelliJ IDEA Community Edition 2020.1.1\bin\breakgen64.dll
0x00007ffb15bd0000 - 0x00007ffb15bd9000 	C:\Program Files\Java\jdk-12.0.1\bin\management.dll
0x00007ffb15000000 - 0x00007ffb1500c000 	C:\Program Files\Java\jdk-12.0.1\bin\management_ext.dll
0x00007ffb10c50000 - 0x00007ffb10c67000 	C:\WINDOWS\system32\napinsp.dll
0x00007ffb10ac0000 - 0x00007ffb10adb000 	C:\WINDOWS\system32\pnrpnsp.dll
0x00007ffb03f90000 - 0x00007ffb03fa5000 	C:\WINDOWS\system32\wshbth.dll
0x00007ffb24cb0000 - 0x00007ffb24ccd000 	C:\WINDOWS\system32\NLAapi.dll
0x00007ffb29030000 - 0x00007ffb2906b000 	C:\WINDOWS\SYSTEM32\IPHLPAPI.DLL
0x00007ffb29070000 - 0x00007ffb2913b000 	C:\WINDOWS\SYSTEM32\DNSAPI.dll
0x00007ffb2a660000 - 0x00007ffb2a669000 	C:\WINDOWS\System32\NSI.dll
0x00007ffb0feb0000 - 0x00007ffb0fec2000 	C:\WINDOWS\System32\winrnr.dll
0x00007ffb205b0000 - 0x00007ffb205ba000 	C:\Windows\System32\rasadhlp.dll
0x00007ffb20730000 - 0x00007ffb207af000 	C:\WINDOWS\System32\fwpuclnt.dll
0x00007ffb2a110000 - 0x00007ffb2a137000 	C:\WINDOWS\System32\bcrypt.dll
0x00007ffb29510000 - 0x00007ffb29528000 	C:\WINDOWS\SYSTEM32\CRYPTSP.dll
0x00007ffb28cd0000 - 0x00007ffb28d04000 	C:\WINDOWS\system32\rsaenh.dll
0x00007ffb29ad0000 - 0x00007ffb29afe000 	C:\WINDOWS\SYSTEM32\USERENV.dll
0x00007ffb29530000 - 0x00007ffb2953c000 	C:\WINDOWS\SYSTEM32\CRYPTBASE.dll
0x00007ffb27430000 - 0x00007ffb27447000 	C:\WINDOWS\SYSTEM32\dhcpcsvc6.DLL
0x00007ffb27410000 - 0x00007ffb2742d000 	C:\WINDOWS\SYSTEM32\dhcpcsvc.DLL
0x0000000180000000 - 0x0000000180025000 	D:\download\rxtx_x64\ch-rxtx-2.2-20081207-win-x64\rxtxSerial.dll

dbghelp: loaded successfully - version: 4.0.5 - missing functions: none
symbol engine: initialized successfully - sym options: 0x614 - pdb path: .;C:\Program Files\Java\jdk-12.0.1\bin;C:\WINDOWS\SYSTEM32;C:\WINDOWS\WinSxS\amd64_microsoft.windows.common-controls_6595b64144ccf1df_6.0.19041.488_none_ca04af081b815d21;C:\Program Files\Java\jdk-12.0.1\bin\server;C:\Program Files\JetBrains\IntelliJ IDEA Community Edition 2020.1.1\bin;D:\download\rxtx_x64\ch-rxtx-2.2-20081207-win-x64

VM Arguments:
jvm_args: -Djava.library.path=D:\download\rxtx_x64\ch-rxtx-2.2-20081207-win-x64\;%PATH% -javaagent:C:\Program Files\JetBrains\IntelliJ IDEA Community Edition 2020.1.1\lib\idea_rt.jar=52265:C:\Program Files\JetBrains\IntelliJ IDEA Community Edition 2020.1.1\bin -Dfile.encoding=UTF-8 
java_command: com.newlife.QuanlysimboxApplication
java_class_path (initial): D:\newlife\QuanLySimBox\target\classes;C:\Users\khoar\.m2\repository\org\springframework\boot\spring-boot-starter-thymeleaf\2.3.5.RELEASE\spring-boot-starter-thymeleaf-2.3.5.RELEASE.jar;C:\Users\khoar\.m2\repository\org\springframework\boot\spring-boot-starter\2.3.5.RELEASE\spring-boot-starter-2.3.5.RELEASE.jar;C:\Users\khoar\.m2\repository\org\springframework\boot\spring-boot\2.3.5.RELEASE\spring-boot-2.3.5.RELEASE.jar;C:\Users\khoar\.m2\repository\org\springframework\boot\spring-boot-autoconfigure\2.3.5.RELEASE\spring-boot-autoconfigure-2.3.5.RELEASE.jar;C:\Users\khoar\.m2\repository\org\springframework\boot\spring-boot-starter-logging\2.3.5.RELEASE\spring-boot-starter-logging-2.3.5.RELEASE.jar;C:\Users\khoar\.m2\repository\ch\qos\logback\logback-classic\1.2.3\logback-classic-1.2.3.jar;C:\Users\khoar\.m2\repository\ch\qos\logback\logback-core\1.2.3\logback-core-1.2.3.jar;C:\Users\khoar\.m2\repository\org\apache\logging\log4j\log4j-to-slf4j\2.13.3\log4j-to-slf4j-2.13.3.jar;C:\Users\khoar\.m2\repository\org\apache\logging\log4j\log4j-api\2.13.3\log4j-api-2.13.3.jar;C:\Users\khoar\.m2\repository\org\slf4j\jul-to-slf4j\1.7.30\jul-to-slf4j-1.7.30.jar;C:\Users\khoar\.m2\repository\jakarta\annotation\jakarta.annotation-api\1.3.5\jakarta.annotation-api-1.3.5.jar;C:\Users\khoar\.m2\repository\org\yaml\snakeyaml\1.26\snakeyaml-1.26.jar;C:\Users\khoar\.m2\repository\org\thymeleaf\thymeleaf-spring5\3.0.11.RELEASE\thymeleaf-spring5-3.0.11.RELEASE.jar;C:\Users\khoar\.m2\repository\org\slf4j\slf4j-api\1.7.30\slf4j-api-1.7.30.jar;C:\Users\khoar\.m2\repository\org\thymeleaf\extras\thymeleaf-extras-java8time\3.0.4.RELEASE\thymeleaf-extras-java8time-3.0.4.RELEASE.jar;C:\Users\khoar\.m2\repository\org\springframework\boot\spring-boot-starter-web\2.3.5.RELEASE\spring-boot-starter-web-2.3.5.RELEASE.jar;C:\Users\khoar\.m2\repository\org\springframework\boot\spring-boot-starter-json\2.3.5.RELEASE\spring-boot-starter-json-2.3.5.RELEASE.jar;C:\Users\khoar\.m2\r
Launcher Type: SUN_STANDARD

[Global flags]
     intx CICompilerCount                          = 4                                         {product} {ergonomic}
     uint ConcGCThreads                            = 2                                         {product} {ergonomic}
     uint G1ConcRefinementThreads                  = 8                                         {product} {ergonomic}
   size_t G1HeapRegionSize                         = 1048576                                   {product} {ergonomic}
    uintx GCDrainStackTargetSize                   = 64                                        {product} {ergonomic}
   size_t InitialHeapSize                          = 134217728                                 {product} {ergonomic}
   size_t MarkStackSize                            = 4194304                                   {product} {ergonomic}
   size_t MaxHeapSize                              = 2126512128                                {product} {ergonomic}
   size_t MaxNewSize                               = 1275068416                                {product} {ergonomic}
   size_t MinHeapDeltaBytes                        = 1048576                                   {product} {ergonomic}
    uintx NonNMethodCodeHeapSize                   = 5836300                                {pd product} {ergonomic}
    uintx NonProfiledCodeHeapSize                  = 122910970                              {pd product} {ergonomic}
    uintx ProfiledCodeHeapSize                     = 122910970                              {pd product} {ergonomic}
    uintx ReservedCodeCacheSize                    = 251658240                              {pd product} {ergonomic}
     bool SegmentedCodeCache                       = true                                      {product} {ergonomic}
     bool UseCompressedClassPointers               = true                                 {lp64_product} {ergonomic}
     bool UseCompressedOops                        = true                                 {lp64_product} {ergonomic}
     bool UseG1GC                                  = true                                      {product} {ergonomic}
     bool UseLargePagesIndividualAllocation        = false                                  {pd product} {ergonomic}

Logging:
Log output configuration:
 #0: stdout all=warning uptime,level,tags
 #1: stderr all=off uptime,level,tags

Environment Variables:
PATH=C:\Program Files\Microsoft MPI\Bin\;D:\oraceldatabase\virtual\product\12.2.0\dbhome_1\bin;D:\oracle\product\12.2.0\dbhome_1\bin;C:\nssm;C:\Python37\;C:\Python37\Scripts\;C:\Program Files (x86)\Common Files\Oracle\Java\javapath;C:\WINDOWS\system32;C:\WINDOWS;C:\WINDOWS\System32\Wbem;C:\WINDOWS\System32\WindowsPowerShell\v1.0\;C:\WINDOWS\System32\OpenSSH\;C:\Users\khoar\AppData\Local\Microsoft\WindowsApps_;C:\Users\khoar\AppData\Local\atom\bin;C:\scrcpy-win64-v1.12.1;C:\adb;C:\Program Files\dotnet\;C:\Program Files (x86)\Microsoft VS Code\bin;C:\Program Files\Git\cmd;C:\Program Files\MySQL\MySQL Server 8.0\bin;C:\instantclient_12_2;C:\xampp\php;C:\Program Files\Wireshark;C:\cygwin64\bin;E:\sqlite_tool;C:\ProgramData\chocolatey\bin;C:\Program Files\nodejs\;C:\WINDOWS\system32;C:\WINDOWS;C:\WINDOWS\System32\Wbem;C:\WINDOWS\System32\WindowsPowerShell\v1.0\;C:\WINDOWS\System32\OpenSSH\;C:\Users\khoar\AppData\Local\Programs\Python\Python37\Scripts;C:\Users\khoar\AppData\Local\Programs\Python\Python37;C:\Program Files\Git\usr\bin;C:\Program Files\Java\jre1.8.0_221\bin;C:\Users\khoar\AppData\Local\Programs\Python\Python37\Scripts\;C:\Users\khoar\AppData\Local\Programs\Python\Python37\;C:\Users\khoar\AppData\Local\Programs\Python\Python39-32\Scripts\;C:\Users\khoar\AppData\Local\Programs\Python\Python39-32\;C:\Program Files\MySQL\MySQL Shell 8.0\bin\;E:\Cho lam\Road_API_google_map\chromedriver_win32;;C:\Users\khoar\AppData\Local\Programs\Fiddler;C:\Program Files\JetBrains\IntelliJ IDEA Community Edition 2020.1.1\bin;;C:\Users\khoar\AppData\Roaming\npm;C:\Users\khoar\AppData\Local\Microsoft\WindowsApps;C:\Users\khoar\.dotnet\tools
USERNAME=khoar
OS=Windows_NT
PROCESSOR_IDENTIFIER=Intel64 Family 6 Model 142 Stepping 10, GenuineIntel



---------------  S Y S T E M  ---------------

OS: Windows 10 , 64 bit Build 19041 (10.0.19041.546)

CPU:total 8 (initial active 8) (4 cores per cpu, 2 threads per core) family 6 model 142 stepping 10, cmov, cx8, fxsr, mmx, sse, sse2, sse3, ssse3, sse4.1, sse4.2, popcnt, avx, avx2, aes, clmul, erms, 3dnowpref, lzcnt, ht, tsc, tscinvbit, bmi1, bmi2, adx, fma

Memory: 4k page, system-wide physical 8108M (1204M free)
TotalPageFile size 13484M (AvailPageFile size 4549M)
current process WorkingSet (physical memory assigned to process): 205M, peak: 206M
current process commit charge ("private bytes"): 240M, peak: 258M

vm_info: Java HotSpot(TM) 64-Bit Server VM (12.0.1+12) for windows-amd64 JRE (12.0.1+12), built on Apr  2 2019 14:02:19 by "mach5one" with MS VC++ 15.5 (VS2017)

END.
